INFO:root:Setting things up...
INFO:root:Logging into Reddit...
INFO:requests.packages.urllib3.connectionpool:Starting new HTTPS connection (1): ssl.reddit.com
INFO:requests.packages.urllib3.connectionpool:Starting new HTTP connection (1): www.reddit.com
INFO:root:Starting the comments stream...
INFO:root:Setting things up...
INFO:root:Logging into Reddit...
INFO:requests.packages.urllib3.connectionpool:Starting new HTTPS connection (1): ssl.reddit.com
INFO:requests.packages.urllib3.connectionpool:Starting new HTTP connection (1): www.reddit.com
INFO:root:Starting the comments stream...
INFO:root:Setting things up...
INFO:root:Logging into Reddit...
INFO:requests.packages.urllib3.connectionpool:Starting new HTTPS connection (1): ssl.reddit.com
INFO:requests.packages.urllib3.connectionpool:Starting new HTTP connection (1): www.reddit.com
INFO:root:Starting the comments stream...
INFO:root:Setting things up...
INFO:root:Logging into Reddit...
INFO:requests.packages.urllib3.connectionpool:Starting new HTTPS connection (1): ssl.reddit.com
INFO:requests.packages.urllib3.connectionpool:Starting new HTTP connection (1): www.reddit.com
INFO:root:Starting the comments stream...
INFO:requests.packages.urllib3.connectionpool:Resetting dropped connection: www.reddit.com
2015-02-19 15:58:32,223 Setting things up...
2015-02-19 15:58:32,242 Logging into Reddit...
2015-02-19 15:58:32,341 Starting new HTTPS connection (1): ssl.reddit.com
2015-02-19 15:58:34,343 Starting new HTTP connection (1): www.reddit.com
2015-02-19 15:58:34,990 Starting the comments stream...
2015-02-19 15:59:08,098 Setting things up...
2015-02-19 15:59:08,118 Logging into Reddit...
2015-02-19 15:59:08,217 Starting new HTTPS connection (1): ssl.reddit.com
2015-02-19 15:59:10,220 Starting new HTTP connection (1): www.reddit.com
2015-02-19 15:59:10,855 Starting the comments stream...
2015-02-19 16:02:32,836 Resetting dropped connection: www.reddit.com
2015-02-19 16:05:55,818 Resetting dropped connection: www.reddit.com
2015-02-19 16:09:16,870 Resetting dropped connection: www.reddit.com
2015-02-19 16:12:38,695 Resetting dropped connection: www.reddit.com
2015-02-19 16:13:13,926 Setting things up...
2015-02-19 16:13:13,946 Logging into Reddit...
2015-02-19 16:13:14,048 Starting new HTTPS connection (1): ssl.reddit.com
2015-02-19 16:13:16,050 Starting new HTTP connection (1): www.reddit.com
2015-02-19 16:13:16,680 Starting the comments stream...
2015-02-19 16:16:37,946 Resetting dropped connection: www.reddit.com
2015-02-19 16:20:00,382 Resetting dropped connection: www.reddit.com
2015-02-19 16:23:22,246 Resetting dropped connection: www.reddit.com
2015-02-19 16:26:44,343 Resetting dropped connection: www.reddit.com
2015-02-19 16:30:13,426 Resetting dropped connection: www.reddit.com
2015-02-19 16:33:42,673 Resetting dropped connection: www.reddit.com
2015-02-19 16:37:05,834 Resetting dropped connection: www.reddit.com
2015-02-19 16:40:37,858 Resetting dropped connection: www.reddit.com
2015-02-19 16:43:58,912 Resetting dropped connection: www.reddit.com
2015-02-19 16:47:21,377 Resetting dropped connection: www.reddit.com
2015-02-19 16:47:53,993 Replied to Deetz_Z's comment at http://www.reddit.com/r/funny/comments/2wdx4p/meanwhile_in_florida/coq4rd5
2015-02-19 16:48:05,977 Replied to ObsidianWraith's comment at http://www.reddit.com/r/pcmasterrace/comments/2wen6c/mobo_faught_the_good_fight_but_alas_its_time_has/coq4rhr
2015-02-19 16:50:42,694 Resetting dropped connection: www.reddit.com
2015-02-19 16:54:04,588 Resetting dropped connection: www.reddit.com
2015-02-19 16:57:26,353 Resetting dropped connection: www.reddit.com
2015-02-19 17:00:47,863 Resetting dropped connection: www.reddit.com
2015-02-19 17:04:10,842 Resetting dropped connection: www.reddit.com
2015-02-19 17:05:48,589 Setting things up...
2015-02-19 17:05:48,728 Starting new HTTP connection (1): update_checker.bryceboe.com
2015-02-19 17:05:50,613 Logging into Reddit...
2015-02-19 17:05:50,629 Starting new HTTPS connection (1): ssl.reddit.com
2015-02-19 17:05:52,630 Starting new HTTP connection (1): www.reddit.com
2015-02-19 17:05:53,314 Starting the comments stream...
2015-02-19 17:09:17,657 Resetting dropped connection: www.reddit.com
2015-02-19 17:12:40,242 Resetting dropped connection: www.reddit.com
2015-02-19 17:16:06,885 Resetting dropped connection: www.reddit.com
2015-02-19 17:19:32,430 Resetting dropped connection: www.reddit.com
2015-02-19 17:22:55,291 Resetting dropped connection: www.reddit.com
2015-02-19 17:26:19,533 Resetting dropped connection: www.reddit.com
2015-02-19 17:29:43,555 Resetting dropped connection: www.reddit.com
2015-02-19 17:33:05,048 Resetting dropped connection: www.reddit.com
2015-02-19 17:36:31,331 Resetting dropped connection: www.reddit.com
2015-02-19 17:39:55,844 Resetting dropped connection: www.reddit.com
2015-02-19 20:58:38,549 Setting things up...
2015-02-19 20:58:38,685 Starting new HTTP connection (1): update_checker.bryceboe.com
2015-02-19 20:58:39,944 Logging into Reddit...
2015-02-19 20:58:39,960 Starting new HTTPS connection (1): ssl.reddit.com
2015-02-19 20:58:41,962 Starting new HTTP connection (1): www.reddit.com
2015-02-19 20:58:42,767 Starting the comments stream...
2015-02-19 20:59:10,104 Replied to Thor4269's comment at http://www.reddit.com/r/funny/comments/2wd572/cartman_bart_swap_stories/coq7m0y
2015-02-19 21:02:13,365 Resetting dropped connection: www.reddit.com
2015-02-19 21:05:37,918 Resetting dropped connection: www.reddit.com
2015-02-19 21:09:01,602 Resetting dropped connection: www.reddit.com
2015-02-19 21:12:44,863 Resetting dropped connection: www.reddit.com
2015-02-19 21:16:49,361 Resetting dropped connection: www.reddit.com
2015-02-19 21:20:44,714 Resetting dropped connection: www.reddit.com
2015-02-19 21:24:30,906 Resetting dropped connection: www.reddit.com
2015-02-19 21:28:32,378 Resetting dropped connection: www.reddit.com
2015-02-19 21:32:09,242 Resetting dropped connection: www.reddit.com
2015-02-19 21:35:58,884 Resetting dropped connection: www.reddit.com
2015-02-19 21:40:29,078 Resetting dropped connection: www.reddit.com
2015-02-19 21:44:29,235 Resetting dropped connection: www.reddit.com
2015-02-19 21:48:28,133 Resetting dropped connection: www.reddit.com
2015-02-19 21:52:40,690 Resetting dropped connection: www.reddit.com
2015-02-19 21:56:22,181 Resetting dropped connection: www.reddit.com
2015-02-19 22:00:07,924 Replied to Mtax's comment at http://www.reddit.com/r/gaming/comments/2weyo8/_/coq8x98
2015-02-19 22:00:33,938 Resetting dropped connection: www.reddit.com
2015-02-19 22:02:44,624 Replied to kenaestic's comment at http://www.reddit.com/r/gaming/comments/2weyo8/_/coq8yi3
2015-02-19 22:03:57,889 Resetting dropped connection: www.reddit.com
2015-02-19 22:08:01,484 Resetting dropped connection: www.reddit.com
2015-02-19 22:08:51,734 Replied to Peterboring's comment at http://www.reddit.com/r/funny/comments/2wdpm0/tried_my_hand_at_sledding_today/coq91gp
2015-02-19 22:11:19,349 Replied to NothingButSharp's comment at http://www.reddit.com/r/gaming/comments/2weyo8/_/coq92n8
2015-02-19 22:11:25,699 Replied to Byebyeputin's comment at http://www.reddit.com/r/gaming/comments/2weyo8/_/coq92rr
2015-02-19 22:12:22,502 Resetting dropped connection: www.reddit.com
2015-02-19 22:12:23,341 Replied to myprxmp's comment at http://www.reddit.com/r/gaming/comments/2weyo8/_/coq937f
2015-02-19 22:13:09,553 Replied to Destim's comment at http://www.reddit.com/r/gaming/comments/2weyo8/_/coq93lw
2015-02-19 22:15:46,478 Resetting dropped connection: www.reddit.com
2015-02-19 22:15:47,138 Replied to duckington's comment at http://www.reddit.com/r/gaming/comments/2weyo8/_/coq94xo
2015-02-19 22:16:29,261 Replied to Destim's comment at http://www.reddit.com/r/gaming/comments/2weyo8/_/coq95as
2015-02-19 22:19:16,947 Resetting dropped connection: www.reddit.com
2015-02-19 22:23:18,445 Resetting dropped connection: www.reddit.com
2015-02-19 22:24:36,992 Replied to mrbull3tproof's comment at http://www.reddit.com/r/gaming/comments/2weyo8/_/coq99ge
2015-02-19 22:26:51,901 Resetting dropped connection: www.reddit.com
2015-02-19 22:29:38,446 Replied to bryan00798's comment at http://www.reddit.com/r/gaming/comments/2weyo8/_/coq9c45
2015-02-19 22:31:09,465 Resetting dropped connection: www.reddit.com
2015-02-19 22:35:25,447 Resetting dropped connection: www.reddit.com
2015-02-19 22:38:57,033 Resetting dropped connection: www.reddit.com
2015-02-19 22:40:36,022 Replied to Amazinglagann's comment at http://www.reddit.com/r/gaming/comments/2weyo8/_/coq9i9p
2015-02-19 22:41:42,773 Replied to Zpheri's comment at http://www.reddit.com/r/gaming/comments/2weyo8/_/coq9iyz
2015-02-19 22:42:57,778 Resetting dropped connection: www.reddit.com
2015-02-19 22:46:30,061 Resetting dropped connection: www.reddit.com
2015-02-19 22:47:44,982 Replied to HypToniZe's comment at http://www.reddit.com/r/gaming/comments/2weyo8/_/coq9mjr
2015-02-19 22:50:16,404 Resetting dropped connection: www.reddit.com
2015-02-19 22:54:26,732 Resetting dropped connection: www.reddit.com
2015-02-19 22:54:29,110 Replied to xXR3H4NXx's comment at http://www.reddit.com/r/gaming/comments/2weyo8/_/coq9qj6
2015-02-19 22:58:13,530 Resetting dropped connection: www.reddit.com
2015-02-19 23:01:49,451 Replied to Doritos-MtDew's comment at http://www.reddit.com/r/gaming/comments/2weyo8/_/coq9v5v
2015-02-19 23:02:11,395 Resetting dropped connection: www.reddit.com
2015-02-19 23:06:09,081 Resetting dropped connection: www.reddit.com
2015-02-19 23:07:25,184 Replied to GreatGeak's comment at http://www.reddit.com/r/gaming/comments/2weyo8/_/coq9yoz
2015-02-19 23:10:01,900 Resetting dropped connection: www.reddit.com
2015-02-19 23:13:49,954 Resetting dropped connection: www.reddit.com
2015-02-19 23:17:20,537 Resetting dropped connection: www.reddit.com
2015-02-19 23:21:13,168 Resetting dropped connection: www.reddit.com
2015-02-19 23:25:10,700 Resetting dropped connection: www.reddit.com
2015-02-19 23:29:00,955 Resetting dropped connection: www.reddit.com
2015-02-19 23:33:21,104 Resetting dropped connection: www.reddit.com
2015-02-19 23:36:07,637 Replied to proper1420's comment at http://www.reddit.com/r/funny/comments/2wfdoz/rip_in_peace/coqaj7t
2015-02-19 23:36:51,735 Resetting dropped connection: www.reddit.com
2015-02-19 23:40:28,991 Resetting dropped connection: www.reddit.com
2015-02-19 23:43:54,659 Resetting dropped connection: www.reddit.com
2015-02-19 23:44:20,115 Setting things up...
2015-02-19 23:44:20,740 Starting new HTTP connection (1): update_checker.bryceboe.com
2015-02-19 23:44:22,074 Logging into Reddit...
2015-02-19 23:44:22,090 Starting new HTTPS connection (1): ssl.reddit.com
2015-02-19 23:44:24,092 Starting new HTTP connection (1): www.reddit.com
2015-02-19 23:44:24,507 Starting the comments stream...
2015-02-19 23:48:00,477 Resetting dropped connection: www.reddit.com
2015-02-19 23:51:22,708 Resetting dropped connection: www.reddit.com
2015-02-19 23:55:04,326 Resetting dropped connection: www.reddit.com
2015-02-19 23:58:38,093 Resetting dropped connection: www.reddit.com
2015-02-19 23:58:44,532 Replied to seemedlikeagoodplan's comment at http://www.reddit.com/r/funny/comments/2wd6ku/a_perfect_couple_real_life_disney/coqb1qc
2015-02-20 00:01:59,603 Resetting dropped connection: www.reddit.com
2015-02-20 00:05:27,143 Resetting dropped connection: www.reddit.com
2015-02-20 00:07:33,799 Replied to Powdercum's comment at http://www.reddit.com/r/funny/comments/2wdx4p/meanwhile_in_florida/coqb98v
2015-02-20 00:09:27,041 Resetting dropped connection: www.reddit.com
2015-02-20 00:13:50,598 Resetting dropped connection: www.reddit.com
2015-02-20 08:17:41,852 Setting things up...
2015-02-20 08:17:41,985 Starting new HTTP connection (1): update_checker.bryceboe.com
2015-02-20 08:17:43,630 Logging into Reddit...
2015-02-20 08:17:43,646 Starting new HTTPS connection (1): ssl.reddit.com
2015-02-20 08:17:45,647 Starting new HTTP connection (1): www.reddit.com
2015-02-20 08:17:46,394 Starting the comments stream...
2015-02-20 08:18:11,161 Replied to xTye's comment at http://www.reddit.com/r/funny/comments/2wfdoz/rip_in_peace/coqskcs
2015-02-20 08:18:15,042 Replied to Luis_Leon's comment at http://www.reddit.com/r/funny/comments/2wg1cj/in_response_to_the_fappening/coqt4yi
2015-02-20 08:21:06,978 Resetting dropped connection: www.reddit.com
2015-02-20 08:24:27,809 Resetting dropped connection: www.reddit.com
2015-02-20 08:25:35,230 Replied to yeahinternets's comment at http://www.reddit.com/r/funny/comments/2wfdoz/rip_in_peace/coqtudg
2015-02-20 08:27:57,776 Resetting dropped connection: www.reddit.com
2015-02-20 08:30:04,219 Replied to smoke_memes_everyday's comment at http://www.reddit.com/r/funny/comments/2wfdoz/rip_in_peace/coqu09m
2015-02-20 08:31:26,897 Resetting dropped connection: www.reddit.com
2015-02-20 08:34:48,539 Resetting dropped connection: www.reddit.com
2015-02-20 09:31:20,308 Setting things up...
2015-02-20 09:31:20,440 Starting new HTTP connection (1): update_checker.bryceboe.com
2015-02-20 09:31:21,700 Logging into Reddit...
2015-02-20 09:31:21,716 Starting new HTTPS connection (1): ssl.reddit.com
2015-02-20 09:31:23,717 Starting new HTTP connection (1): www.reddit.com
2015-02-20 09:31:24,345 Starting the comments stream...
2015-02-20 09:31:48,667 Something bad happened! I'm going to try to keep going, though. Error: 403 Client Error: Forbidden
2015-02-20 09:31:51,672 Logging into Reddit...
2015-02-20 09:31:54,271 Starting the comments stream...
2015-02-20 09:32:20,243 Something bad happened! I'm going to try to keep going, though. Error: 403 Client Error: Forbidden
2015-02-20 09:32:23,246 Logging into Reddit...
2015-02-20 09:32:25,831 Starting the comments stream...
2015-02-20 09:32:50,747 Something bad happened! I'm going to try to keep going, though. Error: 403 Client Error: Forbidden
2015-02-20 09:32:53,752 Logging into Reddit...
2015-02-20 09:32:56,090 Starting the comments stream...
2015-02-20 09:33:20,676 Something bad happened! I'm going to try to keep going, though. Error: 403 Client Error: Forbidden
2015-02-20 09:33:23,681 Logging into Reddit...
2015-02-20 09:33:26,024 Starting the comments stream...
2015-02-20 09:33:51,136 Something bad happened! I'm going to try to keep going, though. Error: 403 Client Error: Forbidden
2015-02-20 09:33:54,142 Logging into Reddit...
2015-02-20 09:33:56,731 Starting the comments stream...
2015-02-20 09:34:21,403 Something bad happened! I'm going to try to keep going, though. Error: 403 Client Error: Forbidden
2015-02-20 09:34:24,409 Logging into Reddit...
2015-02-20 09:34:26,779 Starting the comments stream...
2015-02-20 09:34:51,731 Something bad happened! I'm going to try to keep going, though. Error: 403 Client Error: Forbidden
2015-02-20 09:34:54,735 Logging into Reddit...
2015-02-20 09:34:57,123 Starting the comments stream...
2015-02-20 09:35:24,412 Resetting dropped connection: www.reddit.com
2015-02-20 09:35:33,295 Something bad happened! I'm going to try to keep going, though. Error: 403 Client Error: Forbidden
2015-02-20 09:35:36,300 Logging into Reddit...
2015-02-20 09:35:38,865 Starting the comments stream...
2015-02-20 09:36:04,041 Something bad happened! I'm going to try to keep going, though. Error: 403 Client Error: Forbidden
2015-02-20 09:36:07,046 Logging into Reddit...
2015-02-20 09:36:09,686 Starting the comments stream...
2015-02-20 09:36:39,471 Something bad happened! I'm going to try to keep going, though. Error: 403 Client Error: Forbidden
2015-02-20 09:36:42,476 Logging into Reddit...
2015-02-20 09:36:45,075 Starting the comments stream...
2015-02-20 09:37:09,377 Something bad happened! I'm going to try to keep going, though. Error: 403 Client Error: Forbidden
2015-02-20 09:37:12,382 Logging into Reddit...
2015-02-20 09:37:14,944 Starting the comments stream...
2015-02-20 09:37:40,032 Something bad happened! I'm going to try to keep going, though. Error: 403 Client Error: Forbidden
2015-02-20 09:37:43,038 Logging into Reddit...
2015-02-20 09:37:45,640 Starting the comments stream...
2015-02-20 09:38:10,176 Something bad happened! I'm going to try to keep going, though. Error: 403 Client Error: Forbidden
2015-02-20 09:38:13,181 Logging into Reddit...
2015-02-20 09:38:15,694 Starting the comments stream...
2015-02-20 09:38:40,101 Something bad happened! I'm going to try to keep going, though. Error: 403 Client Error: Forbidden
2015-02-20 09:38:43,107 Logging into Reddit...
2015-02-20 09:38:45,535 Starting the comments stream...
2015-02-20 09:39:10,363 Something bad happened! I'm going to try to keep going, though. Error: 403 Client Error: Forbidden
2015-02-20 09:39:13,368 Logging into Reddit...
2015-02-20 09:39:15,777 Starting the comments stream...
2015-02-20 09:39:23,702 Resetting dropped connection: www.reddit.com
2015-02-20 09:39:42,262 Something bad happened! I'm going to try to keep going, though. Error: 403 Client Error: Forbidden
2015-02-20 09:39:46,713 Logging into Reddit...
2015-02-20 09:39:49,278 Starting the comments stream...
2015-02-20 09:40:14,300 Something bad happened! I'm going to try to keep going, though. Error: 403 Client Error: Forbidden
2015-02-20 09:40:17,306 Logging into Reddit...
2015-02-20 09:40:19,905 Starting the comments stream...
2015-02-20 09:40:42,030 Something bad happened! I'm going to try to keep going, though. Error: 403 Client Error: Forbidden
2015-02-20 09:40:45,035 Logging into Reddit...
2015-02-20 09:40:47,696 Starting the comments stream...
2015-02-20 09:41:12,165 Something bad happened! I'm going to try to keep going, though. Error: 403 Client Error: Forbidden
2015-02-20 09:41:15,170 Logging into Reddit...
2015-02-20 09:41:17,511 Starting the comments stream...
2015-02-20 09:52:38,029 Setting things up...
2015-02-20 09:52:38,047 Logging into Reddit...
2015-02-20 09:52:38,145 Starting new HTTPS connection (1): ssl.reddit.com
2015-02-20 09:52:43,883 Setting things up...
2015-02-20 09:52:43,901 Logging into Reddit...
2015-02-20 09:52:44,003 Starting new HTTPS connection (1): ssl.reddit.com
2015-02-20 09:52:46,005 Starting new HTTP connection (1): www.reddit.com
2015-02-20 09:52:46,661 Starting the comments stream...
2015-02-20 09:56:54,906 Resetting dropped connection: www.reddit.com
2015-02-20 10:00:26,987 Resetting dropped connection: www.reddit.com
2015-02-20 10:03:51,108 Resetting dropped connection: www.reddit.com
2015-02-20 10:07:21,850 Resetting dropped connection: www.reddit.com
2015-02-20 10:07:38,772 Setting things up...
2015-02-20 10:07:38,791 Logging into Reddit...
2015-02-20 10:07:38,891 Starting new HTTPS connection (1): ssl.reddit.com
2015-02-20 10:07:40,893 Starting new HTTP connection (1): www.reddit.com
2015-02-20 10:07:41,528 Starting the comments stream...
2015-02-20 10:08:06,450 Replied to BeSteveman's comment at http://www.reddit.com/r/BlackPeopleTwitter/comments/2weuhk/dick_game_too_strong/coqwf0y
2015-02-20 10:11:22,004 Resetting dropped connection: www.reddit.com
2015-02-20 10:14:43,712 Resetting dropped connection: www.reddit.com
2015-02-20 10:18:08,541 Resetting dropped connection: www.reddit.com
2015-02-20 10:18:57,021 Replied to Riccars's comment at http://www.reddit.com/r/gaming/comments/2wgfnz/halo_5_commercial_photo_leaked/coqxs2j
2015-02-20 10:19:39,318 Replied to NeoDestiny's comment at http://www.reddit.com/r/pcmasterrace/comments/2wgghx/console_gamers_in_a_nutshell/coqxswk
2015-02-20 10:21:31,420 Resetting dropped connection: www.reddit.com
2015-02-20 10:23:25,053 Replied to ptb3's comment at http://www.reddit.com/r/gaming/comments/2wcduu/as_an_xbox_360_player_nervous_about_not_using_a/coqxxbn
2015-02-20 10:25:01,932 Resetting dropped connection: www.reddit.com
2015-02-20 10:28:34,320 Resetting dropped connection: www.reddit.com
2015-02-20 10:32:07,618 Resetting dropped connection: www.reddit.com
2015-02-20 10:35:45,728 Resetting dropped connection: www.reddit.com
2015-02-20 10:39:08,648 Resetting dropped connection: www.reddit.com
2015-02-20 10:42:33,092 Resetting dropped connection: www.reddit.com
2015-02-20 10:45:57,102 Resetting dropped connection: www.reddit.com
2015-02-20 10:49:19,180 Resetting dropped connection: www.reddit.com
2015-02-20 10:52:41,490 Resetting dropped connection: www.reddit.com
2015-02-20 10:56:08,325 Resetting dropped connection: www.reddit.com
2015-02-20 10:59:31,333 Resetting dropped connection: www.reddit.com
2015-02-20 11:02:55,366 Resetting dropped connection: www.reddit.com
2015-02-20 11:06:17,855 Resetting dropped connection: www.reddit.com
2015-02-20 11:09:40,713 Resetting dropped connection: www.reddit.com
2015-02-20 11:13:04,226 Resetting dropped connection: www.reddit.com
2015-02-20 11:49:40,823 Setting things up...
2015-02-20 11:49:40,954 Starting new HTTP connection (1): update_checker.bryceboe.com
2015-02-20 11:49:42,247 Logging into Reddit...
2015-02-20 11:49:42,262 Starting new HTTPS connection (1): ssl.reddit.com
2015-02-20 11:49:44,263 Starting new HTTP connection (1): www.reddit.com
2015-02-20 11:49:44,996 Starting the comments stream...
2015-02-20 11:53:08,903 Resetting dropped connection: www.reddit.com
2015-02-20 11:56:32,910 Resetting dropped connection: www.reddit.com
2015-02-20 11:59:54,915 Resetting dropped connection: www.reddit.com
2015-02-20 12:03:18,257 Resetting dropped connection: www.reddit.com
2015-02-20 12:06:42,665 Resetting dropped connection: www.reddit.com
2015-02-20 12:10:05,419 Resetting dropped connection: www.reddit.com
2015-02-20 12:13:27,915 Resetting dropped connection: www.reddit.com
2015-02-20 12:16:50,537 Resetting dropped connection: www.reddit.com
2015-02-20 12:20:14,249 Resetting dropped connection: www.reddit.com
2015-02-20 12:23:36,943 Resetting dropped connection: www.reddit.com
2015-02-20 12:27:00,467 Resetting dropped connection: www.reddit.com
2015-02-20 12:30:24,474 Resetting dropped connection: www.reddit.com
2015-02-20 12:33:48,741 Resetting dropped connection: www.reddit.com
2015-02-20 12:37:14,311 Resetting dropped connection: www.reddit.com
2015-02-20 12:39:10,312 Setting things up...
2015-02-20 12:39:10,331 Logging into Reddit...
2015-02-20 12:39:10,428 Starting new HTTPS connection (1): ssl.reddit.com
2015-02-20 12:39:12,440 Starting new HTTP connection (1): www.reddit.com
2015-02-20 12:39:13,136 Starting the comments stream...
2015-02-20 12:42:39,280 Resetting dropped connection: www.reddit.com
2015-02-20 12:46:01,402 Resetting dropped connection: www.reddit.com
2015-02-20 12:49:24,932 Resetting dropped connection: www.reddit.com
2015-02-20 12:52:49,868 Resetting dropped connection: www.reddit.com
2015-02-20 12:56:15,258 Resetting dropped connection: www.reddit.com
2015-02-20 13:00:00,969 Resetting dropped connection: www.reddit.com
2015-02-20 13:03:26,968 Resetting dropped connection: www.reddit.com
2015-02-20 13:06:52,610 Resetting dropped connection: www.reddit.com
2015-02-20 13:10:20,336 Resetting dropped connection: www.reddit.com
2015-02-20 13:13:43,639 Resetting dropped connection: www.reddit.com
2015-02-20 13:17:19,716 Resetting dropped connection: www.reddit.com
2015-02-20 13:20:44,377 Resetting dropped connection: www.reddit.com
2015-02-20 13:24:10,567 Resetting dropped connection: www.reddit.com
2015-02-20 13:27:38,478 Resetting dropped connection: www.reddit.com
2015-02-20 13:31:04,616 Resetting dropped connection: www.reddit.com
2015-02-20 13:34:30,710 Resetting dropped connection: www.reddit.com
2015-02-20 13:37:56,249 Resetting dropped connection: www.reddit.com
2015-02-20 13:41:21,789 Resetting dropped connection: www.reddit.com
2015-02-20 13:44:49,026 Resetting dropped connection: www.reddit.com
2015-02-20 13:48:12,645 Resetting dropped connection: www.reddit.com
2015-02-20 13:51:37,660 Resetting dropped connection: www.reddit.com
2015-02-20 13:55:03,931 Resetting dropped connection: www.reddit.com
2015-02-20 13:58:26,845 Resetting dropped connection: www.reddit.com
2015-02-20 14:01:53,319 Resetting dropped connection: www.reddit.com
2015-02-20 14:05:26,905 Resetting dropped connection: www.reddit.com
2015-02-20 14:08:51,548 Resetting dropped connection: www.reddit.com
2015-02-20 14:12:21,296 Resetting dropped connection: www.reddit.com
2015-02-20 14:15:50,448 Resetting dropped connection: www.reddit.com
2015-02-20 14:19:23,163 Resetting dropped connection: www.reddit.com
2015-02-20 14:22:46,743 Resetting dropped connection: www.reddit.com
2015-02-20 14:26:10,145 Resetting dropped connection: www.reddit.com
2015-02-20 14:29:42,563 Resetting dropped connection: www.reddit.com
2015-02-20 14:33:10,362 Resetting dropped connection: www.reddit.com
2015-02-20 14:36:32,927 Resetting dropped connection: www.reddit.com
2015-02-20 14:40:02,478 Resetting dropped connection: www.reddit.com
2015-02-20 14:43:26,399 Resetting dropped connection: www.reddit.com
2015-02-20 14:46:56,366 Resetting dropped connection: www.reddit.com
2015-02-20 14:50:19,813 Resetting dropped connection: www.reddit.com
2015-02-20 14:53:44,324 Resetting dropped connection: www.reddit.com
2015-02-20 14:57:07,225 Resetting dropped connection: www.reddit.com
2015-02-20 15:00:30,374 Resetting dropped connection: www.reddit.com
2015-02-20 15:03:55,260 Resetting dropped connection: www.reddit.com
2015-02-20 15:07:19,065 Resetting dropped connection: www.reddit.com
2015-02-20 15:10:41,789 Resetting dropped connection: www.reddit.com
2015-02-20 15:14:04,497 Resetting dropped connection: www.reddit.com
2015-02-20 15:17:34,139 Resetting dropped connection: www.reddit.com
2015-02-20 15:21:00,282 Resetting dropped connection: www.reddit.com
2015-02-20 15:24:27,330 Resetting dropped connection: www.reddit.com
2015-02-20 15:27:54,192 Resetting dropped connection: www.reddit.com
2015-02-20 15:31:17,108 Resetting dropped connection: www.reddit.com
2015-02-20 15:34:48,949 Resetting dropped connection: www.reddit.com
2015-02-20 15:38:10,455 Resetting dropped connection: www.reddit.com
2015-02-20 15:41:33,719 Resetting dropped connection: www.reddit.com
2015-02-20 15:44:58,800 Resetting dropped connection: www.reddit.com
2015-02-20 15:48:22,198 Resetting dropped connection: www.reddit.com
2015-02-20 15:51:47,708 Resetting dropped connection: www.reddit.com
2015-02-20 15:55:10,131 Resetting dropped connection: www.reddit.com
2015-02-20 15:58:32,111 Resetting dropped connection: www.reddit.com
2015-02-20 16:01:56,411 Resetting dropped connection: www.reddit.com
2015-02-20 16:05:19,366 Resetting dropped connection: www.reddit.com
2015-02-20 16:08:41,229 Resetting dropped connection: www.reddit.com
2015-02-20 16:12:10,397 Resetting dropped connection: www.reddit.com
2015-02-20 16:15:31,710 Resetting dropped connection: www.reddit.com
2015-02-20 16:18:57,312 Resetting dropped connection: www.reddit.com
2015-02-20 16:22:19,539 Resetting dropped connection: www.reddit.com
2015-02-20 16:25:46,190 Resetting dropped connection: www.reddit.com
2015-02-20 16:29:09,969 Resetting dropped connection: www.reddit.com
2015-02-20 16:32:35,574 Resetting dropped connection: www.reddit.com
2015-02-20 16:35:58,469 Resetting dropped connection: www.reddit.com
2015-02-20 16:39:25,817 Resetting dropped connection: www.reddit.com
2015-02-20 16:42:05,760 Replied to ShawlWallah's comment at http://www.reddit.com/r/gaming/comments/2wgrer/my_uncle_takes_his_flight_sim_very_seriously/cor9cxo
2015-02-20 16:42:49,825 Resetting dropped connection: www.reddit.com
2015-02-20 16:46:14,780 Resetting dropped connection: www.reddit.com
2015-02-20 16:49:40,838 Resetting dropped connection: www.reddit.com
2015-02-20 16:53:12,774 Resetting dropped connection: www.reddit.com
2015-02-20 16:56:41,855 Resetting dropped connection: www.reddit.com
2015-02-20 17:00:18,307 Resetting dropped connection: www.reddit.com
2015-02-20 17:03:50,805 Resetting dropped connection: www.reddit.com
2015-02-20 17:07:21,126 Resetting dropped connection: www.reddit.com
2015-02-20 17:10:50,785 Resetting dropped connection: www.reddit.com
2015-02-20 17:14:14,547 Resetting dropped connection: www.reddit.com
2015-02-20 17:17:41,217 Resetting dropped connection: www.reddit.com
2015-02-20 17:21:03,299 Resetting dropped connection: www.reddit.com
2015-02-20 17:24:26,511 Resetting dropped connection: www.reddit.com
2015-02-20 17:27:53,609 Resetting dropped connection: www.reddit.com
2015-02-20 17:31:21,161 Resetting dropped connection: www.reddit.com
2015-02-20 17:35:11,733 Resetting dropped connection: www.reddit.com
2015-02-20 17:38:36,158 Resetting dropped connection: www.reddit.com
2015-02-20 17:42:00,318 Resetting dropped connection: www.reddit.com
2015-02-20 17:45:24,773 Resetting dropped connection: www.reddit.com
2015-02-20 17:48:49,261 Resetting dropped connection: www.reddit.com
2015-02-20 17:52:11,462 Resetting dropped connection: www.reddit.com
2015-02-20 17:55:36,733 Resetting dropped connection: www.reddit.com
2015-02-20 17:59:02,468 Resetting dropped connection: www.reddit.com
2015-02-20 18:02:30,508 Resetting dropped connection: www.reddit.com
2015-02-20 18:06:00,566 Resetting dropped connection: www.reddit.com
2015-02-20 18:09:29,132 Resetting dropped connection: www.reddit.com
2015-02-20 18:13:02,091 Resetting dropped connection: www.reddit.com
2015-02-20 18:16:32,569 Resetting dropped connection: www.reddit.com
2015-02-20 18:20:08,574 Resetting dropped connection: www.reddit.com
2015-02-20 18:23:44,525 Resetting dropped connection: www.reddit.com
2015-02-20 18:27:21,136 Resetting dropped connection: www.reddit.com
2015-02-20 18:30:48,103 Resetting dropped connection: www.reddit.com
2015-02-20 18:34:13,317 Resetting dropped connection: www.reddit.com
2015-02-20 18:37:41,968 Resetting dropped connection: www.reddit.com
2015-02-20 18:41:16,653 Resetting dropped connection: www.reddit.com
2015-02-20 18:44:45,860 Resetting dropped connection: www.reddit.com
2015-02-20 18:48:24,256 Resetting dropped connection: www.reddit.com
2015-02-20 18:52:04,888 Resetting dropped connection: www.reddit.com
2015-02-20 18:55:44,010 Resetting dropped connection: www.reddit.com
2015-02-20 18:59:20,467 Resetting dropped connection: www.reddit.com
2015-02-20 19:03:00,650 Resetting dropped connection: www.reddit.com
2015-02-20 19:06:33,341 Resetting dropped connection: www.reddit.com
2015-02-20 19:10:07,050 Resetting dropped connection: www.reddit.com
2015-02-20 19:13:42,393 Resetting dropped connection: www.reddit.com
2015-02-20 19:17:18,828 Resetting dropped connection: www.reddit.com
2015-02-20 19:20:55,744 Resetting dropped connection: www.reddit.com
2015-02-20 19:24:30,422 Resetting dropped connection: www.reddit.com
2015-02-20 19:28:05,982 Resetting dropped connection: www.reddit.com
2015-02-20 19:31:52,320 Resetting dropped connection: www.reddit.com
2015-02-20 19:35:36,733 Resetting dropped connection: www.reddit.com
2015-02-20 19:39:12,239 Resetting dropped connection: www.reddit.com
2015-02-20 19:42:47,259 Resetting dropped connection: www.reddit.com
2015-02-20 19:47:21,403 Resetting dropped connection: www.reddit.com
2015-02-20 19:50:57,235 Resetting dropped connection: www.reddit.com
2015-02-20 19:54:40,762 Resetting dropped connection: www.reddit.com
2015-02-20 19:58:20,181 Resetting dropped connection: www.reddit.com
2015-02-20 20:01:56,257 Resetting dropped connection: www.reddit.com
2015-02-20 20:05:27,795 Resetting dropped connection: www.reddit.com
2015-02-20 20:08:59,947 Resetting dropped connection: www.reddit.com
2015-02-20 20:12:33,191 Resetting dropped connection: www.reddit.com
2015-02-20 20:16:06,269 Resetting dropped connection: www.reddit.com
2015-02-20 20:19:42,730 Resetting dropped connection: www.reddit.com
2015-02-20 20:23:16,934 Resetting dropped connection: www.reddit.com
2015-02-20 20:27:18,558 Resetting dropped connection: www.reddit.com
2015-02-20 20:30:52,947 Resetting dropped connection: www.reddit.com
2015-02-20 20:34:32,469 Resetting dropped connection: www.reddit.com
2015-02-20 20:38:15,443 Resetting dropped connection: www.reddit.com
2015-02-20 20:41:50,770 Resetting dropped connection: www.reddit.com
2015-02-20 20:45:33,850 Resetting dropped connection: www.reddit.com
2015-02-20 20:49:21,950 Resetting dropped connection: www.reddit.com
2015-02-20 20:53:13,913 Resetting dropped connection: www.reddit.com
2015-02-20 20:57:00,455 Resetting dropped connection: www.reddit.com
2015-02-20 21:00:45,001 Resetting dropped connection: www.reddit.com
2015-02-20 21:04:27,777 Resetting dropped connection: www.reddit.com
2015-02-20 21:08:15,353 Resetting dropped connection: www.reddit.com
2015-02-20 21:10:43,571 Replied to thisbaseball17's comment at http://www.reddit.com/r/gaming/comments/2wih3p/i_decided_to_practice_3d_modeling_by_making/cord8ig
2015-02-20 21:11:48,349 Resetting dropped connection: www.reddit.com
2015-02-20 21:15:27,781 Resetting dropped connection: www.reddit.com
2015-02-20 21:19:15,043 Resetting dropped connection: www.reddit.com
2015-02-20 21:23:03,631 Resetting dropped connection: www.reddit.com
2015-02-20 21:27:05,779 Resetting dropped connection: www.reddit.com
2015-02-20 21:30:46,411 Resetting dropped connection: www.reddit.com
2015-02-20 21:34:40,086 Resetting dropped connection: www.reddit.com
2015-02-20 21:38:26,876 Resetting dropped connection: www.reddit.com
2015-02-20 21:43:05,199 Resetting dropped connection: www.reddit.com
2015-02-20 21:47:30,700 Resetting dropped connection: www.reddit.com
2015-02-20 21:51:51,751 Resetting dropped connection: www.reddit.com
2015-02-20 21:56:26,068 Resetting dropped connection: www.reddit.com
2015-02-20 22:00:21,486 Resetting dropped connection: www.reddit.com
2015-02-20 22:03:55,218 Resetting dropped connection: www.reddit.com
2015-02-20 22:07:34,070 Resetting dropped connection: www.reddit.com
2015-02-20 22:11:15,556 Resetting dropped connection: www.reddit.com
2015-02-20 22:15:33,510 Resetting dropped connection: www.reddit.com
2015-02-20 22:19:25,803 Resetting dropped connection: www.reddit.com
2015-02-20 22:23:53,551 Resetting dropped connection: www.reddit.com
2015-02-20 22:27:34,575 Resetting dropped connection: www.reddit.com
2015-02-20 22:31:21,676 Resetting dropped connection: www.reddit.com
2015-02-20 22:35:49,651 Resetting dropped connection: www.reddit.com
2015-02-20 22:40:30,011 Resetting dropped connection: www.reddit.com
2015-02-20 22:44:46,279 Resetting dropped connection: www.reddit.com
2015-02-20 22:48:40,938 Resetting dropped connection: www.reddit.com
2015-02-20 22:53:02,178 Resetting dropped connection: www.reddit.com
2015-02-20 22:55:42,568 Replied to Mangix_ManUp's comment at http://www.reddit.com/r/gaming/comments/2wjg3o/ea_chat_support_everyone/coreqsr
2015-02-20 22:57:05,837 Resetting dropped connection: www.reddit.com
2015-02-20 23:01:31,743 Resetting dropped connection: www.reddit.com
2015-02-20 23:05:41,685 Resetting dropped connection: www.reddit.com
2015-02-20 23:09:37,915 Resetting dropped connection: www.reddit.com
2015-02-20 23:09:43,497 Replied to pitikay's comment at http://www.reddit.com/r/pcmasterrace/comments/2wiid4/pcmr_background_edit/corf03v
2015-02-20 23:13:32,446 Resetting dropped connection: www.reddit.com
2015-02-20 23:17:38,613 Resetting dropped connection: www.reddit.com
2015-02-20 23:21:16,206 Resetting dropped connection: www.reddit.com
2015-02-20 23:24:59,935 Resetting dropped connection: www.reddit.com
2015-02-20 23:28:34,626 Resetting dropped connection: www.reddit.com
2015-02-20 23:32:14,875 Resetting dropped connection: www.reddit.com
2015-02-20 23:35:46,965 Resetting dropped connection: www.reddit.com
2015-02-20 23:39:17,537 Resetting dropped connection: www.reddit.com
2015-02-20 23:42:59,108 Resetting dropped connection: www.reddit.com
2015-02-20 23:46:43,795 Resetting dropped connection: www.reddit.com
2015-02-20 23:50:23,377 Resetting dropped connection: www.reddit.com
2015-02-20 23:54:02,404 Resetting dropped connection: www.reddit.com
2015-02-20 23:57:14,787 Replied to oreo1298's comment at http://www.reddit.com/r/pcmasterrace/comments/2wjm8d/off_to_college/corg03t
2015-02-20 23:57:51,237 Resetting dropped connection: www.reddit.com
2015-02-21 00:02:02,613 Resetting dropped connection: www.reddit.com
2015-02-21 00:05:58,432 Resetting dropped connection: www.reddit.com
2015-02-21 00:08:07,668 Replied to PepperJck's comment at http://www.reddit.com/r/gaming/comments/2wj568/i_see_your_uncles_flight_sim_and_raise_you_my/corg9ex
2015-02-21 00:09:50,303 Resetting dropped connection: www.reddit.com
2015-02-21 00:13:42,557 Resetting dropped connection: www.reddit.com
2015-02-21 00:17:11,510 Resetting dropped connection: www.reddit.com
2015-02-21 00:20:46,491 Resetting dropped connection: www.reddit.com
2015-02-21 00:24:18,465 Resetting dropped connection: www.reddit.com
2015-02-21 00:27:51,968 Resetting dropped connection: www.reddit.com
2015-02-21 00:31:50,037 Resetting dropped connection: www.reddit.com
2015-02-21 00:35:27,707 Resetting dropped connection: www.reddit.com
2015-02-21 00:39:10,798 Resetting dropped connection: www.reddit.com
2015-02-21 00:42:55,869 Resetting dropped connection: www.reddit.com
2015-02-21 00:46:39,175 Resetting dropped connection: www.reddit.com
2015-02-21 00:47:46,622 Replied to ShawlWallah's comment at http://www.reddit.com/r/gaming/comments/2wj568/i_see_your_uncles_flight_sim_and_raise_you_my/corhbuq
2015-02-21 00:50:31,000 Resetting dropped connection: www.reddit.com
2015-02-21 00:53:55,767 Resetting dropped connection: www.reddit.com
2015-02-21 00:57:37,866 Resetting dropped connection: www.reddit.com
2015-02-21 01:01:14,520 Resetting dropped connection: www.reddit.com
2015-02-21 01:05:01,901 Resetting dropped connection: www.reddit.com
2015-02-21 01:08:33,376 Resetting dropped connection: www.reddit.com
2015-02-21 01:11:59,043 Resetting dropped connection: www.reddit.com
2015-02-21 01:15:27,482 Resetting dropped connection: www.reddit.com
2015-02-21 01:19:01,022 Resetting dropped connection: www.reddit.com
2015-02-21 01:22:25,727 Resetting dropped connection: www.reddit.com
2015-02-21 01:25:58,777 Resetting dropped connection: www.reddit.com
2015-02-21 01:29:24,162 Resetting dropped connection: www.reddit.com
2015-02-21 01:33:06,603 Resetting dropped connection: www.reddit.com
2015-02-21 01:37:05,619 Resetting dropped connection: www.reddit.com
2015-02-21 01:40:38,172 Resetting dropped connection: www.reddit.com
2015-02-21 01:44:21,196 Resetting dropped connection: www.reddit.com
2015-02-21 01:44:45,797 Replied to i-like-vagina's comment at http://www.reddit.com/r/BlackPeopleTwitter/comments/2wjpty/forever_in_debt/corj30n
2015-02-21 01:48:05,113 Resetting dropped connection: www.reddit.com
2015-02-21 01:51:38,725 Resetting dropped connection: www.reddit.com
2015-02-21 01:53:26,947 Replied to One_Half_Hamster's comment at http://www.reddit.com/r/pcmasterrace/comments/2wjm8d/off_to_college/corje0w
2015-02-21 01:55:01,492 Resetting dropped connection: www.reddit.com
2015-02-21 01:58:33,961 Resetting dropped connection: www.reddit.com
2015-02-21 02:02:17,159 Resetting dropped connection: www.reddit.com
2015-02-21 02:05:40,129 Resetting dropped connection: www.reddit.com
2015-02-21 02:09:28,752 Resetting dropped connection: www.reddit.com
2015-02-21 02:12:52,588 Resetting dropped connection: www.reddit.com
2015-02-21 02:16:23,962 Resetting dropped connection: www.reddit.com
2015-02-21 02:20:10,936 Resetting dropped connection: www.reddit.com
2015-02-21 02:23:44,331 Resetting dropped connection: www.reddit.com
2015-02-21 02:27:14,434 Resetting dropped connection: www.reddit.com
2015-02-21 02:30:36,438 Resetting dropped connection: www.reddit.com
2015-02-21 02:34:11,464 Resetting dropped connection: www.reddit.com
2015-02-21 02:37:37,067 Resetting dropped connection: www.reddit.com
2015-02-21 02:41:09,722 Resetting dropped connection: www.reddit.com
2015-02-21 02:44:34,283 Resetting dropped connection: www.reddit.com
2015-02-21 02:48:04,795 Resetting dropped connection: www.reddit.com
2015-02-21 02:51:31,208 Resetting dropped connection: www.reddit.com
2015-02-21 02:54:54,298 Resetting dropped connection: www.reddit.com
2015-02-21 02:58:20,330 Resetting dropped connection: www.reddit.com
2015-02-21 03:01:48,424 Resetting dropped connection: www.reddit.com
2015-02-21 03:05:21,586 Resetting dropped connection: www.reddit.com
2015-02-21 03:08:54,732 Resetting dropped connection: www.reddit.com
2015-02-21 03:12:16,901 Resetting dropped connection: www.reddit.com
2015-02-21 03:15:38,933 Resetting dropped connection: www.reddit.com
2015-02-21 03:19:04,370 Resetting dropped connection: www.reddit.com
2015-02-21 03:22:27,881 Resetting dropped connection: www.reddit.com
2015-02-21 03:25:58,694 Resetting dropped connection: www.reddit.com
2015-02-21 03:29:22,623 Resetting dropped connection: www.reddit.com
2015-02-21 03:32:47,665 Resetting dropped connection: www.reddit.com
2015-02-21 03:36:18,522 Resetting dropped connection: www.reddit.com
2015-02-21 03:39:51,022 Resetting dropped connection: www.reddit.com
2015-02-21 03:43:15,058 Resetting dropped connection: www.reddit.com
2015-02-21 03:46:37,350 Resetting dropped connection: www.reddit.com
2015-02-21 03:49:58,551 Resetting dropped connection: www.reddit.com
2015-02-21 03:53:24,153 Resetting dropped connection: www.reddit.com
2015-02-21 03:53:51,174 Something bad happened! I'm going to try to keep going, though. Error: 403 Client Error: Forbidden
2015-02-21 03:53:54,179 Logging into Reddit...
2015-02-21 03:53:54,194 Resetting dropped connection: ssl.reddit.com
2015-02-21 03:53:56,749 Starting the comments stream...
2015-02-21 03:54:21,511 Something bad happened! I'm going to try to keep going, though. Error: 403 Client Error: Forbidden
2015-02-21 03:54:24,516 Logging into Reddit...
2015-02-21 03:54:27,090 Starting the comments stream...
2015-02-21 03:54:51,749 Something bad happened! I'm going to try to keep going, though. Error: 403 Client Error: Forbidden
2015-02-21 03:54:54,754 Logging into Reddit...
2015-02-21 03:54:57,318 Starting the comments stream...
2015-02-21 03:55:22,772 Something bad happened! I'm going to try to keep going, though. Error: 403 Client Error: Forbidden
2015-02-21 03:55:25,777 Logging into Reddit...
2015-02-21 03:55:28,411 Starting the comments stream...
2015-02-21 03:55:52,963 Something bad happened! I'm going to try to keep going, though. Error: 403 Client Error: Forbidden
2015-02-21 03:55:55,968 Logging into Reddit...
2015-02-21 03:55:58,551 Starting the comments stream...
2015-02-21 03:56:23,277 Something bad happened! I'm going to try to keep going, though. Error: 403 Client Error: Forbidden
2015-02-21 03:56:26,283 Logging into Reddit...
2015-02-21 03:56:28,844 Starting the comments stream...
2015-02-21 03:56:53,696 Something bad happened! I'm going to try to keep going, though. Error: 403 Client Error: Forbidden
2015-02-21 03:56:56,702 Logging into Reddit...
2015-02-21 03:56:59,263 Starting the comments stream...
2015-02-21 03:57:17,184 Resetting dropped connection: www.reddit.com
2015-02-21 03:57:24,127 Something bad happened! I'm going to try to keep going, though. Error: 403 Client Error: Forbidden
2015-02-21 03:57:27,132 Logging into Reddit...
2015-02-21 03:57:29,695 Starting the comments stream...
2015-02-21 03:57:57,612 Something bad happened! I'm going to try to keep going, though. Error: 403 Client Error: Forbidden
2015-02-21 03:58:00,617 Logging into Reddit...
2015-02-21 03:58:03,198 Starting the comments stream...
2015-02-21 03:58:27,402 Something bad happened! I'm going to try to keep going, though. Error: 403 Client Error: Forbidden
2015-02-21 03:58:30,405 Logging into Reddit...
2015-02-21 03:58:32,968 Starting the comments stream...
2015-02-21 03:58:57,009 Something bad happened! I'm going to try to keep going, though. Error: 403 Client Error: Forbidden
2015-02-21 03:59:00,014 Logging into Reddit...
2015-02-21 03:59:02,607 Starting the comments stream...
2015-02-21 03:59:27,482 Something bad happened! I'm going to try to keep going, though. Error: 403 Client Error: Forbidden
2015-02-21 03:59:30,485 Logging into Reddit...
2015-02-21 03:59:32,823 Starting the comments stream...
2015-02-21 03:59:58,656 Something bad happened! I'm going to try to keep going, though. Error: 403 Client Error: Forbidden
2015-02-21 04:00:01,661 Logging into Reddit...
2015-02-21 04:00:04,221 Starting the comments stream...
2015-02-21 04:00:29,371 Something bad happened! I'm going to try to keep going, though. Error: 403 Client Error: Forbidden
2015-02-21 04:00:32,376 Logging into Reddit...
2015-02-21 04:00:34,935 Starting the comments stream...
2015-02-21 04:00:59,609 Something bad happened! I'm going to try to keep going, though. Error: 403 Client Error: Forbidden
2015-02-21 04:01:02,614 Logging into Reddit...
2015-02-21 04:01:05,187 Starting the comments stream...
2015-02-21 04:01:18,307 Resetting dropped connection: www.reddit.com
2015-02-21 04:01:33,415 Something bad happened! I'm going to try to keep going, though. Error: 403 Client Error: Forbidden
2015-02-21 04:01:36,420 Logging into Reddit...
2015-02-21 04:01:38,989 Starting the comments stream...
2015-02-21 04:02:03,292 Something bad happened! I'm going to try to keep going, though. Error: 403 Client Error: Forbidden
2015-02-21 04:02:06,297 Logging into Reddit...
2015-02-21 04:02:08,644 Starting the comments stream...
2015-02-21 04:02:33,139 Something bad happened! I'm going to try to keep going, though. Error: 403 Client Error: Forbidden
2015-02-21 04:02:36,144 Logging into Reddit...
2015-02-21 04:02:38,715 Starting the comments stream...
2015-02-21 04:03:03,420 Something bad happened! I'm going to try to keep going, though. Error: 403 Client Error: Forbidden
2015-02-21 04:03:06,423 Logging into Reddit...
2015-02-21 04:03:09,063 Starting the comments stream...
2015-02-21 04:03:33,210 Something bad happened! I'm going to try to keep going, though. Error: 403 Client Error: Forbidden
2015-02-21 04:03:36,215 Logging into Reddit...
2015-02-21 04:03:38,798 Starting the comments stream...
2015-02-21 04:04:02,868 Something bad happened! I'm going to try to keep going, though. Error: 403 Client Error: Forbidden
2015-02-21 04:04:05,873 Logging into Reddit...
2015-02-21 04:04:08,254 Starting the comments stream...
2015-02-21 04:04:34,775 Something bad happened! I'm going to try to keep going, though. Error: 403 Client Error: Forbidden
2015-02-21 04:04:37,780 Logging into Reddit...
2015-02-21 04:04:40,350 Starting the comments stream...
2015-02-21 04:05:04,885 Something bad happened! I'm going to try to keep going, though. Error: 403 Client Error: Forbidden
2015-02-21 04:05:07,890 Logging into Reddit...
2015-02-21 04:05:10,473 Starting the comments stream...
2015-02-21 04:05:11,907 Resetting dropped connection: www.reddit.com
2015-02-21 04:05:35,380 Something bad happened! I'm going to try to keep going, though. Error: 403 Client Error: Forbidden
2015-02-21 04:05:38,386 Logging into Reddit...
2015-02-21 04:05:40,950 Starting the comments stream...
2015-02-21 04:06:06,400 Something bad happened! I'm going to try to keep going, though. Error: 403 Client Error: Forbidden
2015-02-21 04:06:09,406 Logging into Reddit...
2015-02-21 04:06:11,982 Starting the comments stream...
2015-02-21 04:06:36,789 Something bad happened! I'm going to try to keep going, though. Error: 403 Client Error: Forbidden
2015-02-21 04:06:39,795 Logging into Reddit...
2015-02-21 04:06:42,405 Starting the comments stream...
2015-02-21 04:07:12,184 Something bad happened! I'm going to try to keep going, though. Error: 403 Client Error: Forbidden
2015-02-21 04:07:15,190 Logging into Reddit...
2015-02-21 04:07:17,793 Starting the comments stream...
2015-02-21 04:07:42,104 Something bad happened! I'm going to try to keep going, though. Error: 403 Client Error: Forbidden
2015-02-21 04:07:45,110 Logging into Reddit...
2015-02-21 04:07:47,979 Starting the comments stream...
2015-02-21 04:08:12,993 Something bad happened! I'm going to try to keep going, though. Error: 403 Client Error: Forbidden
2015-02-21 04:08:15,999 Logging into Reddit...
2015-02-21 04:08:18,353 Starting the comments stream...
2015-02-21 04:08:46,408 Something bad happened! I'm going to try to keep going, though. Error: 403 Client Error: Forbidden
2015-02-21 04:08:49,413 Logging into Reddit...
2015-02-21 04:08:52,081 Starting the comments stream...
2015-02-21 04:09:15,430 Resetting dropped connection: www.reddit.com
2015-02-21 04:09:20,220 Something bad happened! I'm going to try to keep going, though. Error: 403 Client Error: Forbidden
2015-02-21 04:09:23,225 Logging into Reddit...
2015-02-21 04:09:25,813 Starting the comments stream...
2015-02-21 04:09:50,024 Something bad happened! I'm going to try to keep going, though. Error: 403 Client Error: Forbidden
2015-02-21 04:09:53,030 Logging into Reddit...
2015-02-21 04:09:55,602 Starting the comments stream...
2015-02-21 04:10:20,231 Something bad happened! I'm going to try to keep going, though. Error: 403 Client Error: Forbidden
2015-02-21 04:10:23,236 Logging into Reddit...
2015-02-21 04:10:25,812 Starting the comments stream...
2015-02-21 04:10:51,409 Something bad happened! I'm going to try to keep going, though. Error: 403 Client Error: Forbidden
2015-02-21 04:10:54,414 Logging into Reddit...
2015-02-21 04:10:56,758 Starting the comments stream...
2015-02-21 04:11:23,166 Something bad happened! I'm going to try to keep going, though. Error: 403 Client Error: Forbidden
2015-02-21 04:11:26,171 Logging into Reddit...
2015-02-21 04:11:28,731 Starting the comments stream...
2015-02-21 04:11:54,010 Something bad happened! I'm going to try to keep going, though. Error: 403 Client Error: Forbidden
2015-02-21 04:11:57,015 Logging into Reddit...
2015-02-21 04:11:59,349 Starting the comments stream...
2015-02-21 04:12:24,709 Something bad happened! I'm going to try to keep going, though. Error: 403 Client Error: Forbidden
2015-02-21 04:12:27,714 Logging into Reddit...
2015-02-21 04:12:30,300 Starting the comments stream...
2015-02-21 04:12:54,898 Something bad happened! I'm going to try to keep going, though. Error: 403 Client Error: Forbidden
2015-02-21 04:12:57,903 Logging into Reddit...
2015-02-21 04:13:00,480 Starting the comments stream...
2015-02-21 04:13:12,074 Resetting dropped connection: www.reddit.com
2015-02-21 04:13:25,701 Something bad happened! I'm going to try to keep going, though. Error: 403 Client Error: Forbidden
2015-02-21 04:13:28,706 Logging into Reddit...
2015-02-21 04:13:31,265 Starting the comments stream...
2015-02-21 04:13:59,496 Something bad happened! I'm going to try to keep going, though. Error: 403 Client Error: Forbidden
2015-02-21 04:14:02,501 Logging into Reddit...
2015-02-21 04:14:05,083 Starting the comments stream...
2015-02-21 04:14:30,079 Something bad happened! I'm going to try to keep going, though. Error: 403 Client Error: Forbidden
2015-02-21 04:14:33,084 Logging into Reddit...
2015-02-21 04:14:35,667 Starting the comments stream...
2015-02-21 04:15:00,037 Something bad happened! I'm going to try to keep going, though. Error: 403 Client Error: Forbidden
2015-02-21 04:15:03,043 Logging into Reddit...
2015-02-21 04:15:05,384 Starting the comments stream...
2015-02-21 04:15:31,439 Something bad happened! I'm going to try to keep going, though. Error: 403 Client Error: Forbidden
2015-02-21 04:15:34,444 Logging into Reddit...
2015-02-21 04:15:37,040 Starting the comments stream...
2015-02-21 04:16:01,170 Something bad happened! I'm going to try to keep going, though. Error: 403 Client Error: Forbidden
2015-02-21 04:16:04,173 Logging into Reddit...
2015-02-21 04:16:06,513 Starting the comments stream...
2015-02-21 04:16:32,434 Something bad happened! I'm going to try to keep going, though. Error: 403 Client Error: Forbidden
2015-02-21 04:16:35,462 Logging into Reddit...
2015-02-21 04:16:38,020 Starting the comments stream...
2015-02-21 04:17:05,495 Something bad happened! I'm going to try to keep going, though. Error: 403 Client Error: Forbidden
2015-02-21 04:17:08,520 Logging into Reddit...
2015-02-21 04:17:10,876 Starting the comments stream...
2015-02-21 04:17:14,972 Resetting dropped connection: www.reddit.com
2015-02-21 04:17:36,418 Something bad happened! I'm going to try to keep going, though. Error: 403 Client Error: Forbidden
2015-02-21 04:17:39,440 Logging into Reddit...
2015-02-21 04:17:42,133 Starting the comments stream...
2015-02-21 04:18:06,677 Something bad happened! I'm going to try to keep going, though. Error: 403 Client Error: Forbidden
2015-02-21 04:18:09,682 Logging into Reddit...
2015-02-21 04:18:12,245 Starting the comments stream...
2015-02-21 04:18:36,779 Something bad happened! I'm going to try to keep going, though. Error: 403 Client Error: Forbidden
2015-02-21 04:18:39,784 Logging into Reddit...
2015-02-21 04:18:42,373 Starting the comments stream...
2015-02-21 04:19:12,585 Something bad happened! I'm going to try to keep going, though. Error: 403 Client Error: Forbidden
2015-02-21 04:19:15,591 Logging into Reddit...
2015-02-21 04:19:18,176 Starting the comments stream...
2015-02-21 04:19:43,112 Something bad happened! I'm going to try to keep going, though. Error: 403 Client Error: Forbidden
2015-02-21 04:19:46,134 Logging into Reddit...
2015-02-21 04:19:48,920 Starting the comments stream...
2015-02-21 04:20:13,696 Something bad happened! I'm going to try to keep going, though. Error: 403 Client Error: Forbidden
2015-02-21 04:20:16,704 Logging into Reddit...
2015-02-21 04:20:19,287 Starting the comments stream...
2015-02-21 04:20:44,762 Something bad happened! I'm going to try to keep going, though. Error: 403 Client Error: Forbidden
2015-02-21 04:20:47,801 Logging into Reddit...
2015-02-21 04:20:50,382 Starting the comments stream...
2015-02-21 04:21:27,470 Resetting dropped connection: www.reddit.com
2015-02-21 04:21:29,821 Something bad happened! I'm going to try to keep going, though. Error: 403 Client Error: Forbidden
2015-02-21 04:21:32,871 Logging into Reddit...
2015-02-21 04:21:35,632 Starting the comments stream...
2015-02-21 11:31:24,686 Setting things up...
2015-02-21 11:31:24,836 Starting new HTTP connection (1): update_checker.bryceboe.com
2015-02-21 11:31:26,919 Logging into Reddit...
2015-02-21 11:31:26,935 Starting new HTTPS connection (1): ssl.reddit.com
2015-02-21 11:31:30,911 Starting new HTTP connection (1): www.reddit.com
2015-02-21 11:31:34,064 Starting the comments stream...
2015-02-21 11:34:22,077 Replied to CobaltPhusion's comment at http://www.reddit.com/r/pcmasterrace/comments/2wkva7/even_though_me_and_my_roommate_are_in_college_we/cos3gm8
2015-02-21 11:34:56,343 Replied to Tasty_D0nuts's comment at http://www.reddit.com/r/pcmasterrace/comments/2wlxtg/im_a_step_closer_to_ascension_brothers/cos3h82
2015-02-21 11:35:16,901 Resetting dropped connection: www.reddit.com
2015-02-21 11:38:59,672 Resetting dropped connection: www.reddit.com
2015-02-21 11:42:37,145 Resetting dropped connection: www.reddit.com
2015-02-21 11:42:55,968 Replied to Dr_Tower's comment at http://www.reddit.com/r/pcmasterrace/comments/2wjm8d/off_to_college/cos3pgs
2015-02-21 11:46:18,030 Resetting dropped connection: www.reddit.com
2015-02-21 11:49:53,365 Resetting dropped connection: www.reddit.com
2015-02-21 11:53:29,298 Resetting dropped connection: www.reddit.com
2015-02-21 11:57:14,978 Resetting dropped connection: www.reddit.com
2015-02-21 12:00:53,853 Resetting dropped connection: www.reddit.com
2015-02-21 12:04:24,112 Resetting dropped connection: www.reddit.com
2015-02-21 12:07:59,926 Resetting dropped connection: www.reddit.com
2015-02-21 12:11:38,437 Resetting dropped connection: www.reddit.com
2015-02-21 12:15:04,888 Resetting dropped connection: www.reddit.com
2015-02-21 12:18:38,024 Resetting dropped connection: www.reddit.com
2015-02-21 12:22:06,432 Resetting dropped connection: www.reddit.com
2015-02-21 12:25:38,042 Resetting dropped connection: www.reddit.com
2015-02-21 12:29:08,827 Resetting dropped connection: www.reddit.com
2015-02-21 12:29:58,161 Replied to kurtcobain94's comment at http://www.reddit.com/r/pcmasterrace/comments/2wljcv/im_working_on_something_cool/cos52fd
2015-02-21 12:32:51,122 Resetting dropped connection: www.reddit.com
2015-02-21 12:36:22,723 Resetting dropped connection: www.reddit.com
2015-02-21 12:39:57,093 Resetting dropped connection: www.reddit.com
2015-02-21 12:43:43,399 Resetting dropped connection: www.reddit.com
2015-02-21 12:47:22,250 Resetting dropped connection: www.reddit.com
2015-02-21 12:50:51,937 Resetting dropped connection: www.reddit.com
2015-02-21 12:54:25,932 Resetting dropped connection: www.reddit.com
2015-02-21 12:58:27,658 Resetting dropped connection: www.reddit.com
2015-02-21 13:02:09,032 Resetting dropped connection: www.reddit.com
2015-02-21 13:06:44,711 Resetting dropped connection: www.reddit.com
2015-02-21 13:10:21,623 Resetting dropped connection: www.reddit.com
2015-02-21 13:13:59,059 Resetting dropped connection: www.reddit.com
2015-02-21 13:17:34,313 Resetting dropped connection: www.reddit.com
2015-02-21 13:21:05,355 Resetting dropped connection: www.reddit.com
2015-02-21 13:24:40,213 Resetting dropped connection: www.reddit.com
2015-02-21 13:28:14,913 Resetting dropped connection: www.reddit.com
2015-02-21 13:31:51,953 Resetting dropped connection: www.reddit.com
2015-02-21 13:34:50,493 Replied to yourdadsbff's comment at http://www.reddit.com/r/BlackPeopleTwitter/comments/2wk0dx/when_you_trying_to_negotiate_entry/cos6way
2015-02-21 13:35:40,942 Resetting dropped connection: www.reddit.com
2015-02-21 13:39:30,565 Resetting dropped connection: www.reddit.com
2015-02-21 13:43:05,703 Resetting dropped connection: www.reddit.com
2015-02-21 13:46:41,753 Resetting dropped connection: www.reddit.com
2015-02-21 13:50:20,475 Resetting dropped connection: www.reddit.com
2015-02-21 13:53:51,253 Resetting dropped connection: www.reddit.com
2015-02-21 13:57:22,173 Resetting dropped connection: www.reddit.com
2015-02-21 14:01:01,823 Resetting dropped connection: www.reddit.com
2015-02-21 14:04:36,861 Resetting dropped connection: www.reddit.com
2015-02-21 14:08:21,348 Resetting dropped connection: www.reddit.com
2015-02-21 14:11:54,667 Resetting dropped connection: www.reddit.com
2015-02-21 14:15:27,418 Resetting dropped connection: www.reddit.com
2015-02-21 14:17:31,330 Something bad happened! I'm going to try to keep going, though. Error: 403 Client Error: Forbidden
2015-02-21 14:17:34,335 Logging into Reddit...
2015-02-21 14:17:34,350 Resetting dropped connection: ssl.reddit.com
2015-02-21 14:17:38,769 Starting the comments stream...
2015-02-21 14:18:06,520 Something bad happened! I'm going to try to keep going, though. Error: 403 Client Error: Forbidden
2015-02-21 14:18:09,526 Logging into Reddit...
2015-02-21 14:18:11,939 Starting the comments stream...
2015-02-21 14:18:40,062 Something bad happened! I'm going to try to keep going, though. Error: 403 Client Error: Forbidden
2015-02-21 14:18:43,067 Logging into Reddit...
2015-02-21 14:18:45,771 Starting the comments stream...
2015-02-21 14:19:13,185 Resetting dropped connection: www.reddit.com
2015-02-21 14:19:17,773 Something bad happened! I'm going to try to keep going, though. Error: 403 Client Error: Forbidden
2015-02-21 14:19:20,781 Logging into Reddit...
2015-02-21 14:19:23,217 Starting the comments stream...
2015-02-21 14:19:51,516 Something bad happened! I'm going to try to keep going, though. Error: 403 Client Error: Forbidden
2015-02-21 14:19:54,522 Logging into Reddit...
2015-02-21 14:19:57,631 Starting the comments stream...
2015-02-21 14:20:30,913 Something bad happened! I'm going to try to keep going, though. Error: 403 Client Error: Forbidden
2015-02-21 14:20:33,919 Logging into Reddit...
2015-02-21 14:20:36,364 Starting the comments stream...
2015-02-21 14:21:06,332 Something bad happened! I'm going to try to keep going, though. Error: 403 Client Error: Forbidden
2015-02-21 14:21:09,338 Logging into Reddit...
2015-02-21 14:21:12,253 Starting the comments stream...
2015-02-21 14:21:38,973 Something bad happened! I'm going to try to keep going, though. Error: 403 Client Error: Forbidden
2015-02-21 14:21:41,978 Logging into Reddit...
2015-02-21 14:21:44,938 Starting the comments stream...
2015-02-21 14:22:19,086 Something bad happened! I'm going to try to keep going, though. Error: 403 Client Error: Forbidden
2015-02-21 14:22:22,092 Logging into Reddit...
2015-02-21 14:22:24,823 Starting the comments stream...
2015-02-21 14:23:03,054 Something bad happened! I'm going to try to keep going, though. Error: 403 Client Error: Forbidden
2015-02-21 14:23:06,059 Logging into Reddit...
2015-02-21 14:23:08,635 Starting the comments stream...
2015-02-21 14:23:33,987 Something bad happened! I'm going to try to keep going, though. Error: 403 Client Error: Forbidden
2015-02-21 14:23:36,992 Logging into Reddit...
2015-02-21 14:23:39,007 Resetting dropped connection: www.reddit.com
2015-02-21 14:23:46,995 Starting the comments stream...
2015-02-21 14:24:10,818 Something bad happened! I'm going to try to keep going, though. Error: 403 Client Error: Forbidden
2015-02-21 14:24:13,824 Logging into Reddit...
2015-02-21 14:24:16,463 Starting the comments stream...
2015-02-21 14:24:43,208 Something bad happened! I'm going to try to keep going, though. Error: 403 Client Error: Forbidden
2015-02-21 14:24:46,213 Logging into Reddit...
2015-02-21 14:24:48,567 Starting the comments stream...
2015-02-21 14:25:13,488 Something bad happened! I'm going to try to keep going, though. Error: 403 Client Error: Forbidden
2015-02-21 14:25:16,493 Logging into Reddit...
2015-02-21 14:25:19,087 Starting the comments stream...
2015-02-21 14:25:45,098 Something bad happened! I'm going to try to keep going, though. Error: 403 Client Error: Forbidden
2015-02-21 14:25:48,103 Logging into Reddit...
2015-02-21 14:25:50,607 Starting the comments stream...
2015-02-21 14:26:16,417 Something bad happened! I'm going to try to keep going, though. Error: 403 Client Error: Forbidden
2015-02-21 14:26:19,422 Logging into Reddit...
2015-02-21 14:26:21,993 Starting the comments stream...
2015-02-21 14:26:48,126 Something bad happened! I'm going to try to keep going, though. Error: 403 Client Error: Forbidden
2015-02-21 14:26:51,131 Logging into Reddit...
2015-02-21 14:26:53,706 Starting the comments stream...
2015-02-21 14:27:21,561 Something bad happened! I'm going to try to keep going, though. Error: 403 Client Error: Forbidden
2015-02-21 14:27:24,566 Logging into Reddit...
2015-02-21 14:27:26,937 Starting the comments stream...
2015-02-21 14:27:46,559 Resetting dropped connection: www.reddit.com
2015-02-21 14:27:57,412 Something bad happened! I'm going to try to keep going, though. Error: 403 Client Error: Forbidden
2015-02-21 14:28:00,418 Logging into Reddit...
2015-02-21 14:28:03,033 Starting the comments stream...
2015-02-21 14:28:28,127 Something bad happened! I'm going to try to keep going, though. Error: 403 Client Error: Forbidden
2015-02-21 14:28:31,132 Logging into Reddit...
2015-02-21 14:28:33,809 Starting the comments stream...
2015-02-21 14:29:00,458 Something bad happened! I'm going to try to keep going, though. Error: 403 Client Error: Forbidden
2015-02-21 14:29:03,463 Logging into Reddit...
2015-02-21 14:29:06,050 Starting the comments stream...
2015-02-21 14:29:31,359 Something bad happened! I'm going to try to keep going, though. Error: 403 Client Error: Forbidden
2015-02-21 14:29:34,364 Logging into Reddit...
2015-02-21 14:29:36,834 Starting the comments stream...
2015-02-21 14:30:03,043 Something bad happened! I'm going to try to keep going, though. Error: 403 Client Error: Forbidden
2015-02-21 14:30:06,048 Logging into Reddit...
2015-02-21 14:30:08,885 Starting the comments stream...
2015-02-21 14:30:35,139 Something bad happened! I'm going to try to keep going, though. Error: 403 Client Error: Forbidden
2015-02-21 14:30:38,144 Logging into Reddit...
2015-02-21 14:30:40,559 Starting the comments stream...
2015-02-21 14:31:07,880 Something bad happened! I'm going to try to keep going, though. Error: 403 Client Error: Forbidden
2015-02-21 14:31:10,885 Logging into Reddit...
2015-02-21 14:31:13,475 Starting the comments stream...
2015-02-21 14:31:41,253 Something bad happened! I'm going to try to keep going, though. Error: 403 Client Error: Forbidden
2015-02-21 14:31:44,259 Logging into Reddit...
2015-02-21 14:31:46,690 Starting the comments stream...
2015-02-21 14:31:56,668 Resetting dropped connection: www.reddit.com
2015-02-21 14:32:15,256 Something bad happened! I'm going to try to keep going, though. Error: 403 Client Error: Forbidden
2015-02-21 14:32:18,262 Logging into Reddit...
2015-02-21 14:32:21,308 Starting the comments stream...
2015-02-21 14:32:57,469 Something bad happened! I'm going to try to keep going, though. Error: 403 Client Error: Forbidden
2015-02-21 14:33:00,475 Logging into Reddit...
2015-02-21 14:33:03,055 Starting the comments stream...
2015-02-21 14:33:30,573 Something bad happened! I'm going to try to keep going, though. Error: 403 Client Error: Forbidden
2015-02-21 14:33:33,578 Logging into Reddit...
2015-02-21 14:33:36,052 Starting the comments stream...
2015-02-21 14:34:01,159 Something bad happened! I'm going to try to keep going, though. Error: 403 Client Error: Forbidden
2015-02-21 14:34:04,164 Logging into Reddit...
2015-02-21 14:34:06,638 Starting the comments stream...
2015-02-21 14:34:33,179 Something bad happened! I'm going to try to keep going, though. Error: 403 Client Error: Forbidden
2015-02-21 14:34:36,185 Logging into Reddit...
2015-02-21 14:34:38,794 Starting the comments stream...
2015-02-21 14:35:06,984 Something bad happened! I'm going to try to keep going, though. Error: 403 Client Error: Forbidden
2015-02-21 14:35:09,990 Logging into Reddit...
2015-02-21 14:35:12,647 Starting the comments stream...
2015-02-21 14:35:38,930 Something bad happened! I'm going to try to keep going, though. Error: 403 Client Error: Forbidden
2015-02-21 14:35:41,936 Logging into Reddit...
2015-02-21 14:35:44,608 Starting the comments stream...
2015-02-21 14:36:12,273 Something bad happened! I'm going to try to keep going, though. Error: 403 Client Error: Forbidden
2015-02-21 14:36:15,279 Logging into Reddit...
2015-02-21 14:36:17,295 Resetting dropped connection: www.reddit.com
2015-02-21 14:36:18,217 Starting the comments stream...
2015-02-21 14:36:43,884 Something bad happened! I'm going to try to keep going, though. Error: 403 Client Error: Forbidden
2015-02-21 14:36:46,890 Logging into Reddit...
2015-02-21 14:36:49,482 Starting the comments stream...
2015-02-21 14:37:20,650 Something bad happened! I'm going to try to keep going, though. Error: 403 Client Error: Forbidden
2015-02-21 14:37:23,655 Logging into Reddit...
2015-02-21 14:37:26,337 Starting the comments stream...
2015-02-21 14:37:53,496 Something bad happened! I'm going to try to keep going, though. Error: 403 Client Error: Forbidden
2015-02-21 14:37:56,502 Logging into Reddit...
2015-02-21 14:37:59,161 Starting the comments stream...
2015-02-21 14:38:26,113 Something bad happened! I'm going to try to keep going, though. Error: 403 Client Error: Forbidden
2015-02-21 14:38:29,118 Logging into Reddit...
2015-02-21 14:38:31,464 Starting the comments stream...
2015-02-21 14:38:58,636 Something bad happened! I'm going to try to keep going, though. Error: 403 Client Error: Forbidden
2015-02-21 14:39:01,642 Logging into Reddit...
2015-02-21 14:39:04,237 Starting the comments stream...
2015-02-21 14:39:32,531 Something bad happened! I'm going to try to keep going, though. Error: 403 Client Error: Forbidden
2015-02-21 14:39:35,537 Logging into Reddit...
2015-02-21 14:39:38,219 Starting the comments stream...
2015-02-21 14:40:08,768 Something bad happened! I'm going to try to keep going, though. Error: 403 Client Error: Forbidden
2015-02-21 14:40:11,773 Logging into Reddit...
2015-02-21 14:40:14,194 Starting the comments stream...
2015-02-21 14:40:34,636 Resetting dropped connection: www.reddit.com
2015-02-21 14:40:41,817 Something bad happened! I'm going to try to keep going, though. Error: 403 Client Error: Forbidden
2015-02-21 14:40:44,822 Logging into Reddit...
2015-02-21 14:40:47,221 Starting the comments stream...
2015-02-21 14:41:13,306 Something bad happened! I'm going to try to keep going, though. Error: 403 Client Error: Forbidden
2015-02-21 14:41:16,311 Logging into Reddit...
2015-02-21 14:41:19,253 Starting the comments stream...
2015-02-21 14:41:47,115 Something bad happened! I'm going to try to keep going, though. Error: 403 Client Error: Forbidden
2015-02-21 14:41:50,120 Logging into Reddit...
2015-02-21 14:41:52,550 Starting the comments stream...
2015-02-21 14:42:25,798 Something bad happened! I'm going to try to keep going, though. Error: 403 Client Error: Forbidden
2015-02-21 14:42:28,803 Logging into Reddit...
2015-02-21 14:42:43,251 Starting the comments stream...
2015-02-21 14:43:27,019 Something bad happened! I'm going to try to keep going, though. Error: 403 Client Error: Forbidden
2015-02-21 14:43:30,063 Logging into Reddit...
2015-02-21 14:43:30,080 Resetting dropped connection: ssl.reddit.com
2015-02-21 14:43:42,969 Starting the comments stream...
2015-02-21 14:44:11,224 Something bad happened! I'm going to try to keep going, though. Error: 403 Client Error: Forbidden
2015-02-21 14:44:14,283 Logging into Reddit...
2015-02-21 14:44:17,169 Starting the comments stream...
2015-02-21 14:44:43,003 Something bad happened! I'm going to try to keep going, though. Error: 403 Client Error: Forbidden
2015-02-21 14:44:46,032 Logging into Reddit...
2015-02-21 14:44:48,376 Starting the comments stream...
2015-02-21 14:45:15,259 Something bad happened! I'm going to try to keep going, though. Error: 403 Client Error: Forbidden
2015-02-21 14:45:18,266 Logging into Reddit...
2015-02-21 14:45:21,195 Starting the comments stream...
2015-02-21 14:45:26,772 Resetting dropped connection: www.reddit.com
2015-02-21 14:45:48,381 Something bad happened! I'm going to try to keep going, though. Error: 403 Client Error: Forbidden
2015-02-21 14:45:51,425 Logging into Reddit...
2015-02-21 14:45:54,622 Starting the comments stream...
2015-02-21 14:46:27,766 Something bad happened! I'm going to try to keep going, though. Error: 403 Client Error: Forbidden
2015-02-21 14:46:30,836 Logging into Reddit...
2015-02-21 14:46:33,825 Starting the comments stream...
2015-02-21 14:47:02,639 Something bad happened! I'm going to try to keep going, though. Error: 403 Client Error: Forbidden
2015-02-21 14:47:05,661 Logging into Reddit...
2015-02-21 14:47:08,090 Starting the comments stream...
2015-02-21 14:47:36,030 Something bad happened! I'm going to try to keep going, though. Error: 403 Client Error: Forbidden
2015-02-21 14:47:39,055 Logging into Reddit...
2015-02-21 14:47:41,759 Starting the comments stream...
2015-02-21 14:48:10,766 Something bad happened! I'm going to try to keep going, though. Error: 403 Client Error: Forbidden
2015-02-21 14:48:13,801 Logging into Reddit...
2015-02-21 14:48:16,401 Starting the comments stream...
2015-02-21 14:48:44,645 Something bad happened! I'm going to try to keep going, though. Error: 403 Client Error: Forbidden
2015-02-21 14:48:47,708 Logging into Reddit...
2015-02-21 14:48:50,565 Starting the comments stream...
2015-02-21 14:49:20,410 Something bad happened! I'm going to try to keep going, though. Error: 403 Client Error: Forbidden
2015-02-21 14:49:23,464 Logging into Reddit...
2015-02-21 14:49:26,118 Starting the comments stream...
2015-02-21 14:49:58,075 Resetting dropped connection: www.reddit.com
2015-02-21 14:50:01,040 Something bad happened! I'm going to try to keep going, though. Error: 403 Client Error: Forbidden
2015-02-21 14:50:04,064 Logging into Reddit...
2015-02-21 14:50:06,706 Starting the comments stream...
2015-02-21 14:50:33,774 Something bad happened! I'm going to try to keep going, though. Error: 403 Client Error: Forbidden
2015-02-21 14:50:36,832 Logging into Reddit...
2015-02-21 14:50:40,405 Starting the comments stream...
2015-02-21 14:51:06,318 Something bad happened! I'm going to try to keep going, though. Error: 403 Client Error: Forbidden
2015-02-21 14:51:09,368 Logging into Reddit...
2015-02-21 14:51:12,173 Starting the comments stream...
2015-06-08 19:05:57,479 Setting things up...
2015-06-08 19:05:57,622 Starting new HTTP connection (1): update_checker.bryceboe.com
2015-06-08 19:05:59,504 Logging into Reddit...
2015-06-08 19:05:59,521 Starting new HTTPS connection (1): ssl.reddit.com
2015-06-08 19:06:01,522 Starting new HTTP connection (1): www.reddit.com
2015-06-08 19:06:01,976 Starting the comments stream...
